2015-04-13 23:49:54,156 INFO [main] Loaded default TestExecutionListener class names from location [META-INF/spring.factories]: [org.springframework.test.context.web.ServletTestExecutionListener, org.springframework.test.context.support.DependencyInjectionTestExecutionListener, org.springframework.test.context.support.DirtiesContextTestExecutionListener, org.springframework.test.context.transaction.TransactionalTestExecutionListener, org.springframework.test.context.jdbc.SqlScriptsTestExecutionListener]
2015-04-13 23:49:54,184 INFO [main] Using TestExecutionListeners: [org.springframework.test.context.web.ServletTestExecutionListener@49fbc252, org.springframework.test.context.support.DependencyInjectionTestExecutionListener@2f92bb70, org.springframework.test.context.support.DirtiesContextTestExecutionListener@4a4fce76, org.springframework.test.context.transaction.TransactionalTestExecutionListener@3d7bcb17, org.springframework.test.context.jdbc.SqlScriptsTestExecutionListener@a52728a]
2015-04-13 23:49:54,386 INFO [main] Loading XML bean definitions from class path resource [service-conf.xml]
2015-04-13 23:49:54,824 INFO [main] Loading XML bean definitions from class path resource [dao-context.xml]
2015-04-13 23:49:55,114 INFO [main] Refreshing org.springframework.context.support.GenericApplicationContext@7ca9f82b: startup date [Mon Apr 13 23:49:55 IST 2015]; root of context hierarchy
2015-04-13 23:49:55,495 INFO [main] Loading properties file from class path resource [appconfig.properties]
2015-04-13 23:49:55,604 INFO [main] Loaded JDBC driver: com.mysql.jdbc.Driver
2015-04-13 23:49:57,700 INFO [main] Using DataSource [org.springframework.jdbc.datasource.DriverManagerDataSource@1bdaad60] of Hibernate SessionFactory for HibernateTransactionManager
2015-04-13 23:49:57,792 INFO [main] Initializing EhCache CacheManager
2015-04-13 23:50:00,447 INFO [Thread-3] Closing org.springframework.context.support.GenericApplicationContext@7ca9f82b: startup date [Mon Apr 13 23:49:55 IST 2015]; root of context hierarchy
2015-04-14 00:41:20,133 INFO [main] Loaded default TestExecutionListener class names from location [META-INF/spring.factories]: [org.springframework.test.context.web.ServletTestExecutionListener, org.springframework.test.context.support.DependencyInjectionTestExecutionListener, org.springframework.test.context.support.DirtiesContextTestExecutionListener, org.springframework.test.context.transaction.TransactionalTestExecutionListener, org.springframework.test.context.jdbc.SqlScriptsTestExecutionListener]
2015-04-14 00:41:20,271 INFO [main] Using TestExecutionListeners: [org.springframework.test.context.web.ServletTestExecutionListener@4d4a74b1, org.springframework.test.context.support.DependencyInjectionTestExecutionListener@5333381b, org.springframework.test.context.support.DirtiesContextTestExecutionListener@47a89f49, org.springframework.test.context.transaction.TransactionalTestExecutionListener@f719660, org.springframework.test.context.jdbc.SqlScriptsTestExecutionListener@6a47808b]
2015-04-14 00:41:20,658 INFO [main] Loading XML bean definitions from class path resource [service-conf.xml]
2015-04-14 00:41:21,540 INFO [main] Loading XML bean definitions from class path resource [dao-context.xml]
2015-04-14 00:41:21,963 INFO [main] Refreshing org.springframework.context.support.GenericApplicationContext@57c59fac: startup date [Tue Apr 14 00:41:21 IST 2015]; root of context hierarchy
2015-04-14 00:41:22,412 INFO [main] Loading properties file from class path resource [appconfig.properties]
2015-04-14 00:41:22,533 INFO [main] Loaded JDBC driver: com.mysql.jdbc.Driver
2015-04-14 00:41:24,256 INFO [main] Using DataSource [org.springframework.jdbc.datasource.DriverManagerDataSource@3ba58c02] of Hibernate SessionFactory for HibernateTransactionManager
2015-04-14 00:41:24,301 INFO [main] Initializing EhCache CacheManager
2015-04-14 00:41:27,139 INFO [Thread-3] Closing org.springframework.context.support.GenericApplicationContext@57c59fac: startup date [Tue Apr 14 00:41:21 IST 2015]; root of context hierarchy
2015-04-14 00:44:44,341 INFO [main] Loaded default TestExecutionListener class names from location [META-INF/spring.factories]: [org.springframework.test.context.web.ServletTestExecutionListener, org.springframework.test.context.support.DependencyInjectionTestExecutionListener, org.springframework.test.context.support.DirtiesContextTestExecutionListener, org.springframework.test.context.transaction.TransactionalTestExecutionListener, org.springframework.test.context.jdbc.SqlScriptsTestExecutionListener]
2015-04-14 00:44:44,387 INFO [main] Using TestExecutionListeners: [org.springframework.test.context.web.ServletTestExecutionListener@7e89dea3, org.springframework.test.context.support.DependencyInjectionTestExecutionListener@d77e03c, org.springframework.test.context.support.DirtiesContextTestExecutionListener@39228a0c, org.springframework.test.context.transaction.TransactionalTestExecutionListener@a953722, org.springframework.test.context.jdbc.SqlScriptsTestExecutionListener@4a569e9b]
2015-04-14 00:44:44,593 INFO [main] Loading XML bean definitions from class path resource [service-conf.xml]
2015-04-14 00:44:44,943 INFO [main] Loading XML bean definitions from class path resource [dao-context.xml]
2015-04-14 00:44:45,189 INFO [main] Refreshing org.springframework.context.support.GenericApplicationContext@38925faf: startup date [Tue Apr 14 00:44:45 IST 2015]; root of context hierarchy
2015-04-14 00:44:45,514 INFO [main] Loading properties file from class path resource [appconfig.properties]
2015-04-14 00:44:45,626 INFO [main] Loaded JDBC driver: com.mysql.jdbc.Driver
2015-04-14 00:44:47,612 INFO [main] Using DataSource [org.springframework.jdbc.datasource.DriverManagerDataSource@11f6c67d] of Hibernate SessionFactory for HibernateTransactionManager
2015-04-14 00:44:47,667 INFO [main] Initializing EhCache CacheManager
2015-04-14 00:46:37,160 INFO [Thread-3] Closing org.springframework.context.support.GenericApplicationContext@38925faf: startup date [Tue Apr 14 00:44:45 IST 2015]; root of context hierarchy
2015-04-14 00:47:02,881 INFO [main] Loaded default TestExecutionListener class names from location [META-INF/spring.factories]: [org.springframework.test.context.web.ServletTestExecutionListener, org.springframework.test.context.support.DependencyInjectionTestExecutionListener, org.springframework.test.context.support.DirtiesContextTestExecutionListener, org.springframework.test.context.transaction.TransactionalTestExecutionListener, org.springframework.test.context.jdbc.SqlScriptsTestExecutionListener]
2015-04-14 00:47:02,904 INFO [main] Using TestExecutionListeners: [org.springframework.test.context.web.ServletTestExecutionListener@5333381b, org.springframework.test.context.support.DependencyInjectionTestExecutionListener@47a89f49, org.springframework.test.context.support.DirtiesContextTestExecutionListener@f719660, org.springframework.test.context.transaction.TransactionalTestExecutionListener@6a47808b, org.springframework.test.context.jdbc.SqlScriptsTestExecutionListener@7c485c2f]
2015-04-14 00:47:03,087 INFO [main] Loading XML bean definitions from class path resource [service-conf.xml]
2015-04-14 00:47:03,358 INFO [main] Loading XML bean definitions from class path resource [dao-context.xml]
2015-04-14 00:47:03,608 INFO [main] Refreshing org.springframework.context.support.GenericApplicationContext@6f760238: startup date [Tue Apr 14 00:47:03 IST 2015]; root of context hierarchy
2015-04-14 00:47:03,916 INFO [main] Loading properties file from class path resource [appconfig.properties]
2015-04-14 00:47:04,014 INFO [main] Loaded JDBC driver: com.mysql.jdbc.Driver
2015-04-14 00:47:05,827 INFO [main] Using DataSource [org.springframework.jdbc.datasource.DriverManagerDataSource@77a69790] of Hibernate SessionFactory for HibernateTransactionManager
2015-04-14 00:47:05,888 INFO [main] Initializing EhCache CacheManager
2015-04-14 00:47:08,317 INFO [Thread-3] Closing org.springframework.context.support.GenericApplicationContext@6f760238: startup date [Tue Apr 14 00:47:03 IST 2015]; root of context hierarchy
2015-04-14 00:47:27,214 INFO [main] Loaded default TestExecutionListener class names from location [META-INF/spring.factories]: [org.springframework.test.context.web.ServletTestExecutionListener, org.springframework.test.context.support.DependencyInjectionTestExecutionListener, org.springframework.test.context.support.DirtiesContextTestExecutionListener, org.springframework.test.context.transaction.TransactionalTestExecutionListener, org.springframework.test.context.jdbc.SqlScriptsTestExecutionListener]
2015-04-14 00:47:27,241 INFO [main] Using TestExecutionListeners: [org.springframework.test.context.web.ServletTestExecutionListener@6ef53890, org.springframework.test.context.support.DependencyInjectionTestExecutionListener@2554aed9, org.springframework.test.context.support.DirtiesContextTestExecutionListener@5aa33bb4, org.springframework.test.context.transaction.TransactionalTestExecutionListener@12a4d4e9, org.springframework.test.context.jdbc.SqlScriptsTestExecutionListener@396168f]
2015-04-14 00:47:27,411 INFO [main] Loading XML bean definitions from class path resource [service-conf.xml]
2015-04-14 00:47:27,691 INFO [main] Loading XML bean definitions from class path resource [dao-context.xml]
2015-04-14 00:47:27,888 INFO [main] Refreshing org.springframework.context.support.GenericApplicationContext@67a81efd: startup date [Tue Apr 14 00:47:27 IST 2015]; root of context hierarchy
2015-04-14 00:47:28,206 INFO [main] Loading properties file from class path resource [appconfig.properties]
2015-04-14 00:47:28,336 INFO [main] Loaded JDBC driver: com.mysql.jdbc.Driver
2015-04-14 00:47:30,114 INFO [main] Using DataSource [org.springframework.jdbc.datasource.DriverManagerDataSource@11f6c67d] of Hibernate SessionFactory for HibernateTransactionManager
2015-04-14 00:47:30,169 INFO [main] Initializing EhCache CacheManager
2015-04-14 00:49:01,514 INFO [main] Loaded default TestExecutionListener class names from location [META-INF/spring.factories]: [org.springframework.test.context.web.ServletTestExecutionListener, org.springframework.test.context.support.DependencyInjectionTestExecutionListener, org.springframework.test.context.support.DirtiesContextTestExecutionListener, org.springframework.test.context.transaction.TransactionalTestExecutionListener, org.springframework.test.context.jdbc.SqlScriptsTestExecutionListener]
2015-04-14 00:49:01,736 INFO [main] Using TestExecutionListeners: [org.springframework.test.context.web.ServletTestExecutionListener@6165e7a5, org.springframework.test.context.support.DependencyInjectionTestExecutionListener@694b3397, org.springframework.test.context.support.DirtiesContextTestExecutionListener@48283482, org.springframework.test.context.transaction.TransactionalTestExecutionListener@478f67d0, org.springframework.test.context.jdbc.SqlScriptsTestExecutionListener@17e8ad64]
2015-04-14 00:49:02,017 INFO [main] Loading XML bean definitions from class path resource [service-conf.xml]
2015-04-14 00:49:02,474 INFO [main] Loading XML bean definitions from class path resource [dao-context.xml]
2015-04-14 00:49:02,844 INFO [main] Refreshing org.springframework.context.support.GenericApplicationContext@5bbe2ed3: startup date [Tue Apr 14 00:49:02 IST 2015]; root of context hierarchy
2015-04-14 00:49:03,541 INFO [main] Loading properties file from class path resource [appconfig.properties]
2015-04-14 00:49:03,880 INFO [main] Loaded JDBC driver: com.mysql.jdbc.Driver
2015-04-14 00:49:09,154 INFO [main] Using DataSource [org.springframework.jdbc.datasource.DriverManagerDataSource@77c22f8a] of Hibernate SessionFactory for HibernateTransactionManager
2015-04-14 00:49:09,212 INFO [main] Initializing EhCache CacheManager
2015-04-14 00:49:15,569 INFO [Thread-3] Closing org.springframework.context.support.GenericApplicationContext@5bbe2ed3: startup date [Tue Apr 14 00:49:02 IST 2015]; root of context hierarchy
2015-04-14 00:49:52,526 INFO [main] Loaded default TestExecutionListener class names from location [META-INF/spring.factories]: [org.springframework.test.context.web.ServletTestExecutionListener, org.springframework.test.context.support.DependencyInjectionTestExecutionListener, org.springframework.test.context.support.DirtiesContextTestExecutionListener, org.springframework.test.context.transaction.TransactionalTestExecutionListener, org.springframework.test.context.jdbc.SqlScriptsTestExecutionListener]
2015-04-14 00:49:52,853 INFO [main] Using TestExecutionListeners: [org.springframework.test.context.web.ServletTestExecutionListener@3fe485bd, org.springframework.test.context.support.DependencyInjectionTestExecutionListener@34085c10, org.springframework.test.context.support.DirtiesContextTestExecutionListener@10d43920, org.springframework.test.context.transaction.TransactionalTestExecutionListener@5cf26c81, org.springframework.test.context.jdbc.SqlScriptsTestExecutionListener@2fb1b8d3]
2015-04-14 00:49:54,115 INFO [main] Loading XML bean definitions from class path resource [service-conf.xml]
2015-04-14 00:49:55,712 INFO [main] Loading XML bean definitions from class path resource [dao-context.xml]
2015-04-14 00:49:56,661 INFO [main] Refreshing org.springframework.context.support.GenericApplicationContext@3b8b56e2: startup date [Tue Apr 14 00:49:56 IST 2015]; root of context hierarchy
2015-04-14 00:49:58,575 INFO [main] Loading properties file from class path resource [appconfig.properties]
2015-04-14 00:49:59,301 INFO [main] Loaded JDBC driver: com.mysql.jdbc.Driver
2015-04-14 00:50:07,486 INFO [main] Using DataSource [org.springframework.jdbc.datasource.DriverManagerDataSource@18ec9ac8] of Hibernate SessionFactory for HibernateTransactionManager
2015-04-14 00:50:08,133 INFO [main] Initializing EhCache CacheManager
2015-04-14 00:52:35,209 INFO [main] Loaded default TestExecutionListener class names from location [META-INF/spring.factories]: [org.springframework.test.context.web.ServletTestExecutionListener, org.springframework.test.context.support.DependencyInjectionTestExecutionListener, org.springframework.test.context.support.DirtiesContextTestExecutionListener, org.springframework.test.context.transaction.TransactionalTestExecutionListener, org.springframework.test.context.jdbc.SqlScriptsTestExecutionListener]
2015-04-14 00:52:36,179 INFO [main] Using TestExecutionListeners: [org.springframework.test.context.web.ServletTestExecutionListener@47a89f49, org.springframework.test.context.support.DependencyInjectionTestExecutionListener@f719660, org.springframework.test.context.support.DirtiesContextTestExecutionListener@6a47808b, org.springframework.test.context.transaction.TransactionalTestExecutionListener@7c485c2f, org.springframework.test.context.jdbc.SqlScriptsTestExecutionListener@729c5167]
2015-04-14 00:52:36,641 INFO [main] Loading XML bean definitions from class path resource [service-conf.xml]
2015-04-14 00:52:37,317 INFO [main] Loading XML bean definitions from class path resource [dao-context.xml]
2015-04-14 00:52:37,743 INFO [main] Refreshing org.springframework.context.support.GenericApplicationContext@2c8be3b3: startup date [Tue Apr 14 00:52:37 IST 2015]; root of context hierarchy
2015-04-14 00:52:38,680 INFO [main] Loading properties file from class path resource [appconfig.properties]
2015-04-14 00:52:38,972 INFO [main] Loaded JDBC driver: com.mysql.jdbc.Driver
2015-04-14 00:52:42,616 INFO [main] Using DataSource [org.springframework.jdbc.datasource.DriverManagerDataSource@1274f0e2] of Hibernate SessionFactory for HibernateTransactionManager
2015-04-14 00:52:42,685 INFO [main] Initializing EhCache CacheManager
2015-04-14 00:52:50,035 INFO [Thread-3] Closing org.springframework.context.support.GenericApplicationContext@2c8be3b3: startup date [Tue Apr 14 00:52:37 IST 2015]; root of context hierarchy
2015-04-14 00:53:37,533 INFO [main] Loaded default TestExecutionListener class names from location [META-INF/spring.factories]: [org.springframework.test.context.web.ServletTestExecutionListener, org.springframework.test.context.support.DependencyInjectionTestExecutionListener, org.springframework.test.context.support.DirtiesContextTestExecutionListener, org.springframework.test.context.transaction.TransactionalTestExecutionListener, org.springframework.test.context.jdbc.SqlScriptsTestExecutionListener]
2015-04-14 00:53:37,560 INFO [main] Using TestExecutionListeners: [org.springframework.test.context.web.ServletTestExecutionListener@4648acd3, org.springframework.test.context.support.DependencyInjectionTestExecutionListener@4d4a74b1, org.springframework.test.context.support.DirtiesContextTestExecutionListener@5333381b, org.springframework.test.context.transaction.TransactionalTestExecutionListener@47a89f49, org.springframework.test.context.jdbc.SqlScriptsTestExecutionListener@f719660]
2015-04-14 00:53:37,789 INFO [main] Loading XML bean definitions from class path resource [service-conf.xml]
2015-04-14 00:53:38,091 INFO [main] Loading XML bean definitions from class path resource [dao-context.xml]
2015-04-14 00:53:38,312 INFO [main] Refreshing org.springframework.context.support.GenericApplicationContext@426c5aed: startup date [Tue Apr 14 00:53:38 IST 2015]; root of context hierarchy
2015-04-14 00:53:38,624 INFO [main] Loading properties file from class path resource [appconfig.properties]
2015-04-14 00:53:38,723 INFO [main] Loaded JDBC driver: com.mysql.jdbc.Driver
2015-04-14 00:53:40,212 INFO [main] Using DataSource [org.springframework.jdbc.datasource.DriverManagerDataSource@5a28ac4e] of Hibernate SessionFactory for HibernateTransactionManager
2015-04-14 00:53:40,259 INFO [main] Initializing EhCache CacheManager
2015-04-14 00:53:42,434 INFO [Thread-3] Closing org.springframework.context.support.GenericApplicationContext@426c5aed: startup date [Tue Apr 14 00:53:38 IST 2015]; root of context hierarchy
